  AdminForm.cpp
  Main.cpp
E:\LOGIN_WIN\library\Project1\Project1\AdminForm.h(2136,183): warning C4390: ';': empty controlled statement found; is this the intent?
  (compiling source file 'AdminForm.cpp')
  
E:\LOGIN_WIN\library\Project1\Project1\AdminForm.h(2135,20): warning C4101: 'e': unreferenced local variable
  (compiling source file 'AdminForm.cpp')
  
E:\LOGIN_WIN\library\Project1\Project1\Login.h(374,191): warning C4390: ';': empty controlled statement found; is this the intent?
  (compiling source file 'Main.cpp')
  
E:\LOGIN_WIN\library\Project1\Project1\Login.h(392,201): warning C4390: ';': empty controlled statement found; is this the intent?
  (compiling source file 'Main.cpp')
  
E:\LOGIN_WIN\library\Project1\Project1\Login.h(398,201): warning C4390: ';': empty controlled statement found; is this the intent?
  (compiling source file 'Main.cpp')
  
E:\LOGIN_WIN\library\Project1\Project1\Login.h(397,20): warning C4101: 'e': unreferenced local variable
  (compiling source file 'Main.cpp')
  
E:\LOGIN_WIN\library\Project1\Project1\Register.h(410,188): warning C4390: ';': empty controlled statement found; is this the intent?
  (compiling source file 'Main.cpp')
  
E:\LOGIN_WIN\library\Project1\Project1\Register.h(415,183): warning C4390: ';': empty controlled statement found; is this the intent?
  (compiling source file 'Main.cpp')
  
E:\LOGIN_WIN\library\Project1\Project1\Register.h(427,177): warning C4390: ';': empty controlled statement found; is this the intent?
  (compiling source file 'Main.cpp')
  
E:\LOGIN_WIN\library\Project1\Project1\Register.h(441,156): warning C4390: ';': empty controlled statement found; is this the intent?
  (compiling source file 'Main.cpp')
  
E:\LOGIN_WIN\library\Project1\Project1\Register.h(448,198): warning C4390: ';': empty controlled statement found; is this the intent?
  (compiling source file 'Main.cpp')
  
E:\LOGIN_WIN\library\Project1\Project1\Register.h(447,20): warning C4101: 'e': unreferenced local variable
  (compiling source file 'Main.cpp')
  
E:\LOGIN_WIN\library\Project1\Project1\AdminForm.h(2136,183): warning C4390: ';': empty controlled statement found; is this the intent?
  (compiling source file 'Main.cpp')
  
E:\LOGIN_WIN\library\Project1\Project1\AdminForm.h(2135,20): warning C4101: 'e': unreferenced local variable
  (compiling source file 'Main.cpp')
  
E:\LOGIN_WIN\library\Project1\Project1\Main.cpp(12,33): warning C4829: Possibly incorrect parameters to function main. Consider 'int main(Platform::Array<Platform::String^>^ argv)'
  Generating Code...
  AdminForm.obj : MSIL module encountered; incremental linking is disabled for MSIL; performing full link
  Project1.vcxproj -> E:\LOGIN_WIN\library\Project1\x64\Debug\Project1.exe
